Сборка начата 12.06.2018 21:08:39.
     1>Проект "C:\Users\Alexandr\Documents\Visual Studio 2013\Projects\Repository\lab6\Main\Main\Main.vcxproj" в узле 2 (целевые объекты Build).
     1>ClCompile:
         E:\Visual Studio\VC\bin\CL.exe /c /ZI /nologo /W3 /WX- /sdl /Od /Oy- /D WIN32 /D _DEBUG /D _CONSOLE /D _LIB /D _UNICODE /D UNICODE /Gm /EHsc /RTC1 /MDd /GS /fp:precise /Zc:wchar_t /Zc:forScope /Yc"stdafx.h" /Fp"Debug\Main.pch" /Fo"Debug\\" /Fd"Debug\vc120.pdb" /Gd /TP /analyze- /errorReport:prompt stdafx.cpp
         stdafx.cpp
         E:\Visual Studio\VC\bin\CL.exe /c /ZI /nologo /W3 /WX- /sdl /Od /Oy- /D WIN32 /D _DEBUG /D _CONSOLE /D _LIB /D _UNICODE /D UNICODE /Gm /EHsc /RTC1 /MDd /GS /fp:precise /Zc:wchar_t /Zc:forScope /Yu"stdafx.h" /Fp"Debug\Main.pch" /Fo"Debug\\" /Fd"Debug\vc120.pdb" /Gd /TP /analyze- /errorReport:prompt Adult.cpp Child.cpp Main.cpp Person.cpp PersonList.cpp
         PersonList.cpp
         Person.cpp
         Main.cpp
     1>c:\users\alexandr\documents\visual studio 2013\projects\repository\lab6\main\main\main.cpp(7): warning C4244: аргумент: преобразование "time_t" в "unsigned int", возможна потеря данных
         Child.cpp
         Adult.cpp
         Создание кода...
       Link:
         E:\Visual Studio\VC\bin\link.exe /ERRORREPORT:PROMPT /OUT:"C:\Users\Alexandr\Documents\Visual Studio 2013\Projects\Repository\lab6\Main\Debug\Main.exe" /INCREMENTAL /NOLOGO kernel32.lib user32.lib gdi32.lib winspool.lib comdlg32.lib advapi32.lib shell32.lib ole32.lib oleaut32.lib uuid.lib odbc32.lib odbccp32.lib /MANIFEST /MANIFESTUAC:"level='asInvoker' uiAccess='false'" /manifest:embed /DEBUG /PDB:"C:\Users\Alexandr\Documents\Visual Studio 2013\Projects\Repository\lab6\Main\Debug\Main.pdb" /SUBSYSTEM:CONSOLE /TLBID:1 /DYNAMICBASE /NXCOMPAT /IMPLIB:"C:\Users\Alexandr\Documents\Visual Studio 2013\Projects\Repository\lab6\Main\Debug\Main.lib" /MACHINE:X86 Debug\Adult.obj
         Debug\Child.obj
         Debug\Main.obj
         Debug\Person.obj
         Debug\PersonList.obj
         Debug\stdafx.obj
         Main.vcxproj -> C:\Users\Alexandr\Documents\Visual Studio 2013\Projects\Repository\lab6\Main\Debug\Main.exe
     1>Сборка проекта "C:\Users\Alexandr\Documents\Visual Studio 2013\Projects\Repository\lab6\Main\Main\Main.vcxproj" завершена (целевые объекты Build).

Сборка успешно завершена.

Затраченное время: 00:00:03.85
